<?xml version="1.0" encoding="UTF-8"?>
<!-- Generated by org.testng.reporters.JUnitXMLReporter -->
<testsuite ignored="0" hostname="PT-PF3LKH6F" failures="0" tests="5" name="Default test" time="1.582" errors="0" timestamp="2025-03-26T10:44:39 WET">
  <testcase classname="ryanair.com.Testcase" name="createUser" time="1.464"/>
  <testcase classname="ryanair.com.Testcase" name="getAllUser" time="0.052"/>
  <testcase classname="ryanair.com.Testcase" name="getUserById" time="0.013"/>
  <testcase classname="ryanair.com.Testcase" name="createBooking" time="0.015"/>
  <testcase classname="ryanair.com.Testcase" name="getBookingById" time="0.01"/>
</testsuite> <!-- Default test -->
