<?xml version="1.0" encoding="UTF-8"?>
<!-- Generated by org.testng.reporters.JUnitXMLReporter -->
<testsuite ignored="0" hostname="PT-PF3LKH6F" failures="0" tests="5" name="Test" time="1.655" errors="0" timestamp="2025-03-26T10:20:29 WET">
  <testcase classname="ryanair.com.Testcase" name="createUser" time="1.531"/>
  <testcase classname="ryanair.com.Testcase" name="getAllUser" time="0.048"/>
  <testcase classname="ryanair.com.Testcase" name="getUserById" time="0.013"/>
  <testcase classname="ryanair.com.Testcase" name="createBooking" time="0.02"/>
  <testcase classname="ryanair.com.Testcase" name="getBookingById" time="0.014"/>
</testsuite> <!-- Test -->
