<?xml version="1.0" encoding="UTF-8"?>
<!-- Generated by org.testng.reporters.JUnitXMLReporter -->
<testsuite ignored="0" hostname="PT-PF3LKH6F" failures="0" tests="5" name="Test" time="1.648" errors="0" timestamp="2025-03-26T14:00:34 WET">
  <testcase classname="ryanair.com.Testcase" name="createUser" time="1.515"/>
  <testcase classname="ryanair.com.Testcase" name="getAllUser" time="0.057"/>
  <testcase classname="ryanair.com.Testcase" name="getUserById" time="0.013"/>
  <testcase classname="ryanair.com.Testcase" name="createBooking" time="0.028"/>
  <testcase classname="ryanair.com.Testcase" name="getBookingById" time="0.01"/>
</testsuite> <!-- Test -->
