<?xml version="1.0" encoding="UTF-8"?>
<testng-results ignored="0" total="5" passed="5" failed="0" skipped="0">
  <reporter-output>
  </reporter-output>
  <suite started-at="2025-03-26T14:00:33 WET" name="Suite" finished-at="2025-03-26T14:00:34 WET" duration-ms="1648">
    <groups>
    </groups>
    <test started-at="2025-03-26T14:00:33 WET" name="Test" finished-at="2025-03-26T14:00:34 WET" duration-ms="1648">
      <class name="ryanair.com.Testcase">
        <test-method signature="createUser()[pri:0, instance:ryanair.com.Testcase@5e2c3d18]" started-at="2025-03-26T14:00:33 WET" name="createUser" finished-at="2025-03-26T14:00:34 WET" duration-ms="1515" status="PASS">
          <reporter-output>
          </reporter-output>
        </test-method> <!-- createUser -->
        <test-method signature="getAllUser()[pri:1, instance:ryanair.com.Testcase@5e2c3d18]" started-at="2025-03-26T14:00:34 WET" name="getAllUser" finished-at="2025-03-26T14:00:34 WET" duration-ms="57" status="PASS">
          <reporter-output>
          </reporter-output>
        </test-method> <!-- getAllUser -->
        <test-method signature="getUserById()[pri:2, instance:ryanair.com.Testcase@5e2c3d18]" started-at="2025-03-26T14:00:34 WET" name="getUserById" finished-at="2025-03-26T14:00:34 WET" duration-ms="13" status="PASS">
          <reporter-output>
          </reporter-output>
        </test-method> <!-- getUserById -->
        <test-method signature="createBooking()[pri:3, instance:ryanair.com.Testcase@5e2c3d18]" started-at="2025-03-26T14:00:34 WET" name="createBooking" finished-at="2025-03-26T14:00:34 WET" duration-ms="28" status="PASS">
          <reporter-output>
          </reporter-output>
        </test-method> <!-- createBooking -->
        <test-method signature="getBookingById()[pri:4, instance:ryanair.com.Testcase@5e2c3d18]" started-at="2025-03-26T14:00:34 WET" name="getBookingById" finished-at="2025-03-26T14:00:34 WET" duration-ms="10" status="PASS">
          <reporter-output>
          </reporter-output>
        </test-method> <!-- getBookingById -->
        <test-method is-config="true" signature="tearDownReport()[pri:0, instance:ryanair.com.Testcase@5e2c3d18]" started-at="2025-03-26T14:00:34 WET" name="tearDownReport" finished-at="2025-03-26T14:00:35 WET" duration-ms="175" status="PASS">
          <reporter-output>
          </reporter-output>
        </test-method> <!-- tearDownReport -->
      </class> <!-- ryanair.com.Testcase -->
    </test> <!-- Test -->
  </suite> <!-- Suite -->
</testng-results>
