<?xml version="1.0" encoding="UTF-8"?>
<testsuite xmlns:xsi="http://www.w3.org/2001/XMLSchema-instance" xsi:noNamespaceSchemaLocation="https://maven.apache.org/surefire/maven-surefire-plugin/xsd/surefire-test-report-3.0.xsd" version="3.0" name="TestSuite" time="2.27" tests="5" errors="0" skipped="0" failures="0">
  <properties>
[...]
</properties>
  <testcase name="createUser" classname="ryanair.com.Testcase" time="1.514">
    <system-out><![CDATA[{
    "email": "chan.bernhard@gmail.com",
    "id": 16,
    "name": "An",
    "surname": "Friesen"
}
]]></system-out>
    <system-err><![CDATA[SLF4J: Failed to load class "org.slf4j.impl.StaticLoggerBinder".
SLF4J: Defaulting to no-operation (NOP) logger implementation
SLF4J: See http://www.slf4j.org/codes.html#StaticLoggerBinder for further details.
]]></system-err>
  </testcase>
  <testcase name="getAllUser" classname="ryanair.com.Testcase" time="0.057"/>
  <testcase name="getUserById" classname="ryanair.com.Testcase" time="0.023">
    <system-out><![CDATA[{
    "email": "chan.bernhard@gmail.com",
    "id": 16,
    "name": "An",
    "surname": "Friesen"
}
]]></system-out>
  </testcase>
  <testcase name="createBooking" classname="ryanair.com.Testcase" time="0.02">
    <system-out><![CDATA[Response Code: 400
Response Body: {"errors":[{"location":{"in":"request","name":"body","docPath":"/paths/~1booking/post/requestBody/content/application~1json/schema","path":"/userId"},"message":"must be number"}],"message":"Validation errors"}
]]></system-out>
  </testcase>
  <testcase name="getBookingById" classname="ryanair.com.Testcase" time="0.009"/>
</testsuite>